<?xml version="1.0" encoding="UTF-8"?>
<!-- Generated by org.testng.reporters.JUnitReportReporter -->
<testsuite skipped="0" hostname="TOR-ASUS02" name="XenexEnterprises.AppiumTest" tests="2" failures="0" timestamp="2021-08-05T23:41:02 EDT" time="0.004" errors="0">
  <testcase name="NativeAppAndroid" time="0.002" classname="XenexEnterprises.AppiumTest"/>
  <system-out/>
  <testcase name="IOSApps" time="0.002" classname="XenexEnterprises.AppiumTest"/>
  <system-out/>
</testsuite> <!-- XenexEnterprises.AppiumTest -->
