<?xml version="1.0" encoding="UTF-8"?>
<!-- Generated by org.testng.reporters.JUnitReportReporter -->
<testsuite skipped="0" hostname="TOR-ASUS02" name="XenexEnterprises.SeleniumTest" tests="2" failures="0" timestamp="2021-08-05T23:41:02 EDT" time="0.017" errors="0">
  <testcase name="BrowserAutomation" time="0.015" classname="XenexEnterprises.SeleniumTest"/>
  <system-out/>
  <testcase name="ElementsUi" time="0.002" classname="XenexEnterprises.SeleniumTest"/>
  <system-out/>
</testsuite> <!-- XenexEnterprises.SeleniumTest -->
