<?xml version="1.0" encoding="UTF-8"?>
<!-- Generated by org.testng.reporters.JUnitReportReporter -->
<testsuite skipped="0" hostname="TOR-ASUS02" name="XenexEnterprises.RESTAPITest" tests="2" failures="0" timestamp="2021-08-05T23:41:02 EDT" time="0.009" errors="0">
  <testcase name="PostJira" time="0.007" classname="XenexEnterprises.RESTAPITest"/>
  <system-out/>
  <testcase name="deleteTwitter" time="0.002" classname="XenexEnterprises.RESTAPITest"/>
  <system-out/>
</testsuite> <!-- XenexEnterprises.RESTAPITest -->
